20230604 01:46:49 INFO  [main] base.BaseTest BaseTest.java67 - https://login.salesforce.com is entered
20230604 01:46:49 INFO  [main] base.BaseTest BaseTest.java74 - Pass: Title matched with Login | Salesforce
20230604 01:46:50 INFO  [main] base.BaseTest BaseTest.java85 - Pass: Login Id is entered 
20230604 01:46:50 INFO  [main] base.BaseTest BaseTest.java108 - Pass: Field  is cleared
20230604 01:46:50 INFO  [main] base.BaseTest BaseTest.java96 - Pass: Element  is clicked
20230604 01:46:50 INFO  [main] base.BaseTest BaseTest.java118 - Text captured is Please enter your password.
20230604 02:01:41 INFO  [main] base.BaseTest BaseTest.java72 - https://login.salesforce.com is entered
20230604 02:01:41 INFO  [main] base.BaseTest BaseTest.java79 - Pass: Title matched with Login | Salesforce
20230604 02:01:41 INFO  [main] base.BaseTest BaseTest.java90 - Pass: Login Id is entered 
20230604 02:01:42 INFO  [main] base.BaseTest BaseTest.java113 - Pass: Field  is cleared
20230604 02:01:42 INFO  [main] base.BaseTest BaseTest.java101 - Pass: Element  is clicked
20230604 02:01:42 INFO  [main] base.BaseTest BaseTest.java123 - Text captured is Please enter your password.
20230604 02:01:44 INFO  [main] base.BaseTest BaseTest.java72 - https://login.salesforce.com is entered
20230604 02:01:44 INFO  [main] base.BaseTest BaseTest.java79 - Pass: Title matched with Login | Salesforce
20230604 02:01:44 INFO  [main] base.BaseTest BaseTest.java90 - Pass: User Name is entered 
20230604 02:01:44 INFO  [main] base.BaseTest BaseTest.java90 - Pass: Password is entered 
20230604 02:01:44 INFO  [main] base.BaseTest BaseTest.java101 - Pass: Element  is clicked
20230605 11:35:19 INFO  [main] base.BaseTest BaseTest.java74 - https://login.salesforce.com is entered
20230605 11:35:19 INFO  [main] base.BaseTest BaseTest.java81 - Pass: Title matched with Login | Salesforce
20230605 11:35:19 INFO  [main] base.BaseTest BaseTest.java93 - Pass: Login Id is entered 
20230605 11:35:19 INFO  [main] base.BaseTest BaseTest.java116 - Pass: Field  is cleared
20230605 11:35:20 INFO  [main] base.BaseTest BaseTest.java104 - Pass: Element  is clicked
20230605 11:35:20 INFO  [main] base.BaseTest BaseTest.java126 - Text captured is Please enter your password.
20230605 11:35:23 INFO  [main] base.BaseTest BaseTest.java74 - https://login.salesforce.com is entered
20230605 11:35:23 INFO  [main] base.BaseTest BaseTest.java81 - Pass: Title matched with Login | Salesforce
20230605 11:35:23 INFO  [main] base.BaseTest BaseTest.java93 - Pass: User Name is entered 
20230605 11:35:23 INFO  [main] base.BaseTest BaseTest.java93 - Pass: Password is entered 
20230605 11:35:25 INFO  [main] base.BaseTest BaseTest.java104 - Pass: Element  is clicked
20230605 11:36:56 INFO  [main] base.BaseTest BaseTest.java74 - https://login.salesforce.com is entered
20230605 11:36:56 INFO  [main] base.BaseTest BaseTest.java81 - Pass: Title matched with Login | Salesforce
20230605 11:36:57 INFO  [main] base.BaseTest BaseTest.java93 - Pass: Login Id is entered 
20230605 11:36:57 INFO  [main] base.BaseTest BaseTest.java116 - Pass: Field  is cleared
20230605 11:36:57 INFO  [main] base.BaseTest BaseTest.java104 - Pass: Element  is clicked
20230605 11:36:57 INFO  [main] base.BaseTest BaseTest.java126 - Text captured is Please enter your password.
20230605 11:36:59 INFO  [main] base.BaseTest BaseTest.java74 - https://login.salesforce.com is entered
20230605 11:36:59 INFO  [main] base.BaseTest BaseTest.java81 - Pass: Title matched with Login | Salesforce
20230605 11:37:00 INFO  [main] base.BaseTest BaseTest.java93 - Pass: User Name is entered 
20230605 11:37:00 INFO  [main] base.BaseTest BaseTest.java93 - Pass: Password is entered 
20230605 11:37:01 INFO  [main] base.BaseTest BaseTest.java104 - Pass: Element  is clicked
20230605 11:51:06 INFO  [main] base.BaseTest BaseTest.java75 - https://login.salesforce.com is entered
20230605 11:51:06 INFO  [main] base.BaseTest BaseTest.java82 - Pass: Title matched with Login | Salesforce
20230605 11:51:06 INFO  [main] base.BaseTest BaseTest.java94 - Pass: Login Id is entered 
20230605 11:51:07 INFO  [main] base.BaseTest BaseTest.java117 - Pass: Field  is cleared
20230605 11:51:07 INFO  [main] base.BaseTest BaseTest.java105 - Pass: Element  is clicked
20230605 11:51:07 INFO  [main] base.BaseTest BaseTest.java127 - Text captured is Please enter your password.
20230605 12:05:17 INFO  [main] base.BaseTest BaseTest.java75 - https://login.salesforce.com is entered
20230605 12:05:17 INFO  [main] base.BaseTest BaseTest.java82 - Pass: Title matched with Login | Salesforce
20230605 12:05:17 INFO  [main] base.BaseTest BaseTest.java94 - Pass: Login Id is entered 
20230605 12:05:17 INFO  [main] base.BaseTest BaseTest.java117 - Pass: Field  is cleared
20230605 12:05:18 INFO  [main] base.BaseTest BaseTest.java105 - Pass: Element  is clicked
20230605 12:05:18 INFO  [main] base.BaseTest BaseTest.java127 - Text captured is Please enter your password.
20230605 12:05:23 INFO  [main] base.BaseTest BaseTest.java75 - https://login.salesforce.com is entered
20230605 12:05:23 INFO  [main] base.BaseTest BaseTest.java82 - Pass: Title matched with Login | Salesforce
20230605 12:05:23 INFO  [main] base.BaseTest BaseTest.java94 - Pass: User Name is entered 
20230605 12:05:23 INFO  [main] base.BaseTest BaseTest.java94 - Pass: Password is entered 
20230605 12:05:25 INFO  [main] base.BaseTest BaseTest.java105 - Pass: Element  is clicked
20230605 12:12:18 INFO  [main] base.BaseTest BaseTest.java75 - https://login.salesforce.com is entered
20230605 12:12:18 INFO  [main] base.BaseTest BaseTest.java82 - Pass: Title matched with Login | Salesforce
20230605 12:12:19 INFO  [main] base.BaseTest BaseTest.java75 - https://login.salesforce.com is entered
20230605 12:12:19 INFO  [main] base.BaseTest BaseTest.java82 - Pass: Title matched with Login | Salesforce
20230605 12:13:52 INFO  [main] base.BaseTest BaseTest.java75 - https://login.salesforce.com is entered
20230605 12:13:52 INFO  [main] base.BaseTest BaseTest.java82 - Pass: Title matched with Login | Salesforce
20230605 12:13:52 INFO  [main] base.BaseTest BaseTest.java94 - Pass: Login Id is entered 
20230605 12:13:52 INFO  [main] base.BaseTest BaseTest.java117 - Pass: Field  is cleared
20230605 12:13:53 INFO  [main] base.BaseTest BaseTest.java105 - Pass: Element  is clicked
20230605 12:13:53 INFO  [main] base.BaseTest BaseTest.java127 - Text captured is Please enter your password.
20230605 12:13:55 INFO  [main] base.BaseTest BaseTest.java75 - https://login.salesforce.com is entered
20230605 12:13:55 INFO  [main] base.BaseTest BaseTest.java82 - Pass: Title matched with Login | Salesforce
20230605 12:13:55 INFO  [main] base.BaseTest BaseTest.java94 - Pass: User Name is entered 
20230605 12:13:55 INFO  [main] base.BaseTest BaseTest.java94 - Pass: Password is entered 
20230605 12:13:57 INFO  [main] base.BaseTest BaseTest.java105 - Pass: Element  is clicked
20230605 12:16:01 INFO  [main] base.BaseTest BaseTest.java75 - https://login.salesforce.com is entered
20230605 12:16:01 INFO  [main] base.BaseTest BaseTest.java82 - Pass: Title matched with Login | Salesforce
20230605 12:16:01 INFO  [main] base.BaseTest BaseTest.java94 - Pass: Login Id is entered 
20230605 12:16:01 INFO  [main] base.BaseTest BaseTest.java117 - Pass: Field  is cleared
20230605 12:16:01 INFO  [main] base.BaseTest BaseTest.java105 - Pass: Element  is clicked
20230605 12:16:01 INFO  [main] base.BaseTest BaseTest.java127 - Text captured is Please enter your password.
20230605 12:16:05 INFO  [main] base.BaseTest BaseTest.java75 - https://login.salesforce.com is entered
20230605 12:16:05 INFO  [main] base.BaseTest BaseTest.java82 - Pass: Title matched with Login | Salesforce
20230605 12:16:05 INFO  [main] base.BaseTest BaseTest.java94 - Pass: User Name is entered 
20230605 12:16:05 INFO  [main] base.BaseTest BaseTest.java94 - Pass: Password is entered 
20230605 12:16:07 INFO  [main] base.BaseTest BaseTest.java105 - Pass: Element  is clicked
20230605 13:42:39 INFO  [main] base.BaseTest BaseTest.java75 - https://login.salesforce.com is entered
20230605 13:42:39 INFO  [main] base.BaseTest BaseTest.java82 - Pass: Title matched with Login | Salesforce
20230605 13:42:41 INFO  [main] base.BaseTest BaseTest.java75 - https://login.salesforce.com is entered
20230605 13:42:41 INFO  [main] base.BaseTest BaseTest.java82 - Pass: Title matched with Login | Salesforce
20230606 12:45:12 INFO  [main] base.BaseTest BaseTest.java75 - https://login.salesforce.com is entered
20230606 12:53:13 INFO  [main] base.BaseTest BaseTest.java75 - https://login.salesforce.com is entered
20230606 12:54:51 INFO  [main] base.BaseTest BaseTest.java75 - https://login.salesforce.com is entered
20230606 12:56:23 INFO  [main] base.BaseTest BaseTest.java75 - https://login.salesforce.com is entered
20230606 13:02:06 INFO  [main] base.BaseTest BaseTest.java75 - https://login.salesforce.com is entered
20230606 13:02:34 INFO  [main] base.BaseTest BaseTest.java75 - https://login.salesforce.com is entered
20230606 13:14:21 INFO  [main] base.BaseTest BaseTest.java75 - https://login.salesforce.com is entered
20230608 11:57:48 INFO  [main] base.BaseTest BaseTest.java77 - https://login.salesforce.com is entered
20230608 11:57:48 INFO  [main] base.BasePage BasePage.java71 - Pass: Title matched with Login | Salesforce
20230608 12:03:52 INFO  [main] base.BaseTest BaseTest.java77 - https://login.salesforce.com is entered
20230608 12:03:52 INFO  [main] base.BasePage BasePage.java71 - Pass: Title matched with Login | Salesforce
20230608 12:03:52 INFO  [main] base.BasePage BasePage.java30 - Pass:  login field is entered 
20230608 12:03:52 INFO  [main] base.BasePage BasePage.java30 - Pass:  login field is entered 
20230608 12:03:52 INFO  [main] base.BasePage BasePage.java42 - Pass: Element  is clicked
20230608 12:04:14 INFO  [main] base.BaseTest BaseTest.java77 - https://login.salesforce.com is entered
20230608 12:04:14 INFO  [main] base.BasePage BasePage.java71 - Pass: Title matched with Login | Salesforce
20230608 12:04:14 INFO  [main] base.BasePage BasePage.java30 - Pass:  login field is entered 
20230608 12:04:14 INFO  [main] base.BasePage BasePage.java30 - Pass:  login field is entered 
20230608 12:04:15 INFO  [main] base.BasePage BasePage.java42 - Pass: Element  is clicked
20230608 12:08:39 INFO  [main] base.BaseTest BaseTest.java77 - https://login.salesforce.com is entered
20230608 12:08:39 INFO  [main] base.BasePage BasePage.java71 - Pass: Title matched with Login | Salesforce
20230608 12:08:39 INFO  [main] base.BasePage BasePage.java30 - Pass:  login field is entered 
20230608 12:08:40 INFO  [main] base.BasePage BasePage.java30 - Pass:  login field is entered 
20230608 12:08:40 INFO  [main] base.BasePage BasePage.java42 - Pass: Element  is clicked
20230608 12:09:04 INFO  [main] base.BaseTest BaseTest.java77 - https://login.salesforce.com is entered
20230608 12:09:04 INFO  [main] base.BasePage BasePage.java71 - Pass: Title matched with Login | Salesforce
20230608 12:09:05 INFO  [main] base.BasePage BasePage.java30 - Pass:  login field is entered 
20230608 12:09:05 INFO  [main] base.BasePage BasePage.java30 - Pass:  login field is entered 
20230608 12:09:05 INFO  [main] base.BasePage BasePage.java42 - Pass: Element  is clicked
20230608 13:58:45 INFO  [main] base.BaseTest BaseTest.java77 - https://login.salesforce.com is entered
20230608 13:58:45 INFO  [main] base.BasePage BasePage.java71 - Pass: Title matched with Login | Salesforce
20230608 13:58:46 INFO  [main] base.BasePage BasePage.java30 - Pass:  login field is entered 
20230608 13:58:46 INFO  [main] base.BasePage BasePage.java30 - Pass:  login field is entered 
20230608 13:58:46 INFO  [main] base.BasePage BasePage.java42 - Pass: Element  is clicked
20230609 08:50:35 INFO  [main] base.BaseTest BaseTest.java77 - https://login.salesforce.com is entered
20230609 08:50:35 INFO  [main] base.BasePage BasePage.java71 - Pass: Title matched with Login | Salesforce
20230609 08:50:35 INFO  [main] base.BasePage BasePage.java30 - Pass:  login field is entered 
20230609 08:50:35 INFO  [main] base.BasePage BasePage.java30 - Pass:  login field is entered 
20230609 08:50:35 INFO  [main] base.BasePage BasePage.java42 - Pass: Element  is clicked
20230609 08:52:51 INFO  [main] base.BaseTest BaseTest.java77 - https://login.salesforce.com is entered
20230609 08:52:51 INFO  [main] base.BasePage BasePage.java71 - Pass: Title matched with Login | Salesforce
20230609 08:52:51 INFO  [main] base.BasePage BasePage.java30 - Pass:  login field is entered 
20230609 08:52:51 INFO  [main] base.BasePage BasePage.java30 - Pass:  password field is entered 
20230609 08:52:52 INFO  [main] base.BasePage BasePage.java42 - Pass: Element  is clicked
20230609 11:46:04 INFO  [main] base.BaseTest BaseTest.java78 - https://login.salesforce.com is entered
20230609 11:46:04 INFO  [main] base.BasePage BasePage.java71 - Pass: Title matched with Login | Salesforce
20230609 11:46:04 INFO  [main] base.BasePage BasePage.java30 - Pass:  login field is entered 
20230609 11:46:05 INFO  [main] base.BasePage BasePage.java30 - Pass:  password field is entered 
20230609 11:46:06 INFO  [main] base.BasePage BasePage.java42 - Pass: Element  is clicked
20230614 17:22:11 INFO  [main] base.BaseTest BaseTest.java78 - https://login.salesforce.com is entered
20230614 17:22:11 INFO  [main] page.BasePage BasePage.java71 - Pass: Title matched with Login | Salesforce
20230614 17:22:11 INFO  [main] page.BasePage BasePage.java30 - Pass:  login field is entered 
20230614 17:22:11 INFO  [main] page.BasePage BasePage.java30 - Pass:  password field is entered 
20230614 17:22:12 INFO  [main] page.BasePage BasePage.java42 - Pass: Element  is clicked
20230615 00:23:48 INFO  [main] base.BaseTest BaseTest.java78 - https://login.salesforce.com is entered
20230615 00:25:25 INFO  [main] base.BaseTest BaseTest.java78 - https://login.salesforce.com is entered
20230615 00:25:25 INFO  [main] page.BasePage BasePage.java47 - Pass: Title matched with Login | Salesforce
20230615 00:25:25 INFO  [main] page.BasePage BasePage.java58 - Pass:  login field is entered 
20230615 00:25:25 INFO  [main] page.BasePage BasePage.java58 - Pass:  password field is entered 
20230615 00:25:32 INFO  [main] page.BasePage BasePage.java69 - Pass: Element  is clicked
20230615 00:25:34 INFO  [main] page.BasePage BasePage.java40 - Home Page ~ Salesforce - Developer Edition title is captured
20230615 00:26:05 INFO  [main] base.BaseTest BaseTest.java78 - https://login.salesforce.com is entered
20230615 00:26:05 INFO  [main] page.BasePage BasePage.java47 - Pass: Title matched with Login | Salesforce
20230615 00:26:05 INFO  [main] page.BasePage BasePage.java58 - Pass:  login field is entered 
20230615 00:26:05 INFO  [main] page.BasePage BasePage.java82 - Pass: Field  is cleared
20230615 00:26:07 INFO  [main] base.BaseTest BaseTest.java78 - https://login.salesforce.com is entered
20230615 00:26:07 INFO  [main] page.BasePage BasePage.java47 - Pass: Title matched with Login | Salesforce
20230615 00:26:07 INFO  [main] page.BasePage BasePage.java58 - Pass:  login field is entered 
20230615 00:26:07 INFO  [main] page.BasePage BasePage.java58 - Pass:  password field is entered 
20230615 00:26:10 INFO  [main] page.BasePage BasePage.java69 - Pass: Element  is clicked
20230615 00:28:07 INFO  [main] base.BaseTest BaseTest.java78 - https://login.salesforce.com is entered
20230615 00:28:07 INFO  [main] page.BasePage BasePage.java47 - Pass: Title matched with Login | Salesforce
20230615 00:28:07 INFO  [main] page.BasePage BasePage.java58 - Pass:  login field is entered 
20230615 00:28:08 INFO  [main] page.BasePage BasePage.java82 - Pass: Field  is cleared
20230615 00:28:09 INFO  [main] page.BasePage BasePage.java69 - Pass: Element  is clicked
20230615 00:28:09 INFO  [main] page.BasePage BasePage.java93 - Text captured is Please enter your password.
20230615 00:28:10 INFO  [main] base.BaseTest BaseTest.java78 - https://login.salesforce.com is entered
20230615 00:28:10 INFO  [main] page.BasePage BasePage.java47 - Pass: Title matched with Login | Salesforce
20230615 00:28:10 INFO  [main] page.BasePage BasePage.java58 - Pass:  login field is entered 
20230615 00:28:10 INFO  [main] page.BasePage BasePage.java58 - Pass:  password field is entered 
20230615 00:28:13 INFO  [main] page.BasePage BasePage.java69 - Pass: Element  is clicked
20230615 00:28:16 INFO  [main] page.BasePage BasePage.java40 - Home Page ~ Salesforce - Developer Edition title is captured
20230619 18:04:55 INFO  [main] steps.SalesForceStepDef SalesForceStepDef.java59 - https://login.salesforce.com is entered
20230619 18:04:57 INFO  [main] page.BasePage BasePage.java58 - Pass:  login field is entered 
20230619 18:04:57 INFO  [main] page.BasePage BasePage.java82 - Pass: Field  is cleared
20230619 18:04:58 INFO  [main] steps.SalesForceStepDef SalesForceStepDef.java65 - Browser is closed
20230619 18:08:14 INFO  [main] steps.SalesForceStepDef SalesForceStepDef.java59 - https://login.salesforce.com is entered
20230619 18:08:14 INFO  [main] steps.SalesForceStepDef SalesForceStepDef.java65 - Browser is closed
20230619 18:10:02 INFO  [main] steps.SalesForceStepDef SalesForceStepDef.java57 - https://login.salesforce.com is entered
20230619 18:10:04 INFO  [main] page.BasePage BasePage.java57 - Pass:  login field is entered 
20230619 18:10:04 INFO  [main] page.BasePage BasePage.java81 - Pass: Field  is cleared
20230619 18:10:04 INFO  [main] page.BasePage BasePage.java68 - Pass: Element LoginButton is clicked
20230619 18:10:04 INFO  [main] page.BasePage BasePage.java92 - Text captured is Please enter your password.
20230619 18:10:05 INFO  [main] steps.SalesForceStepDef SalesForceStepDef.java63 - Browser is closed
20230619 18:12:58 INFO  [main] steps.SalesForceStepDef SalesForceStepDef.java57 - https://login.salesforce.com is entered
20230619 18:13:00 INFO  [main] page.BasePage BasePage.java57 - Pass:  login field is entered 
20230619 18:13:01 INFO  [main] page.BasePage BasePage.java81 - Pass: Field  is cleared
20230619 18:13:01 INFO  [main] page.BasePage BasePage.java68 - Pass: Element LoginButton is clicked
20230619 18:13:01 INFO  [main] page.BasePage BasePage.java92 - Text captured is Please enter your password.
20230619 18:13:01 INFO  [main] steps.SalesForceStepDef SalesForceStepDef.java63 - Browser is closed
20230619 18:13:04 INFO  [main] steps.SalesForceStepDef SalesForceStepDef.java57 - https://login.salesforce.com is entered
20230619 18:13:06 INFO  [main] page.BasePage BasePage.java57 - Pass:  login field is entered 
20230619 18:13:06 INFO  [main] steps.SalesForceStepDef SalesForceStepDef.java63 - Browser is closed
20230619 18:16:24 INFO  [main] steps.SalesForceStepDef SalesForceStepDef.java57 - https://login.salesforce.com is entered
20230619 18:16:26 INFO  [main] page.BasePage BasePage.java57 - Pass:  login field is entered 
20230619 18:16:26 INFO  [main] page.BasePage BasePage.java81 - Pass: Field  is cleared
20230619 18:16:27 INFO  [main] page.BasePage BasePage.java68 - Pass: Element LoginButton is clicked
20230619 18:16:27 INFO  [main] page.BasePage BasePage.java92 - Text captured is Please enter your password.
20230619 18:16:27 INFO  [main] steps.SalesForceStepDef SalesForceStepDef.java63 - Browser is closed
20230619 18:16:30 INFO  [main] steps.SalesForceStepDef SalesForceStepDef.java57 - https://login.salesforce.com is entered
20230619 18:16:32 INFO  [main] page.BasePage BasePage.java57 - Pass:  login field is entered 
20230619 18:16:34 INFO  [main] page.BasePage BasePage.java57 - Pass:  password field is entered 
20230619 18:16:36 INFO  [main] page.BasePage BasePage.java68 - Pass: Element LoginButton is clicked
20230619 18:16:38 INFO  [main] page.BasePage BasePage.java39 - Home Page ~ Salesforce - Developer Edition title is captured
20230619 18:16:38 INFO  [main] steps.SalesForceStepDef SalesForceStepDef.java63 - Browser is closed
20230619 18:24:10 INFO  [main] steps.SalesForceStepDef SalesForceStepDef.java57 - https://login.salesforce.com is entered
20230619 18:24:10 INFO  [main] steps.SalesForceStepDef SalesForceStepDef.java63 - Browser is closed
20230619 18:33:43 INFO  [main] steps.SalesForceStepDef SalesForceStepDef.java58 - https://login.salesforce.com is entered
20230619 18:33:45 INFO  [main] page.BasePage BasePage.java57 - Pass:  login field is entered 
20230619 18:33:47 INFO  [main] page.BasePage BasePage.java57 - Pass:  password field is entered 
20230619 18:33:47 INFO  [main] page.BasePage BasePage.java68 - Pass: Element Remember me is clicked
20230619 18:33:50 INFO  [main] page.BasePage BasePage.java68 - Pass: Element LoginButton is clicked
20230619 18:33:52 INFO  [main] page.BasePage BasePage.java68 - Pass: Element User Menu Dropdown is clicked
20230619 18:33:54 INFO  [main] page.BasePage BasePage.java68 - Pass: Element Logout is clicked
20230619 18:33:55 INFO  [main] steps.SalesForceStepDef SalesForceStepDef.java64 - Browser is closed
20230619 18:36:07 INFO  [main] steps.SalesForceStepDef SalesForceStepDef.java58 - https://login.salesforce.com is entered
20230619 18:36:10 INFO  [main] page.BasePage BasePage.java57 - Pass:  login field is entered 
20230619 18:36:12 INFO  [main] page.BasePage BasePage.java57 - Pass:  password field is entered 
20230619 18:36:12 INFO  [main] page.BasePage BasePage.java68 - Pass: Element Remember me is clicked
20230619 18:36:17 INFO  [main] page.BasePage BasePage.java68 - Pass: Element LoginButton is clicked
20230619 18:36:19 INFO  [main] page.BasePage BasePage.java68 - Pass: Element User Menu Dropdown is clicked
20230619 18:36:24 INFO  [main] page.BasePage BasePage.java68 - Pass: Element Logout is clicked
20230619 18:36:27 INFO  [main] page.BasePage BasePage.java92 - Text captured is pravallika@training.com
20230619 18:36:27 INFO  [main] steps.SalesForceStepDef SalesForceStepDef.java64 - Browser is closed
20230619 18:42:05 INFO  [main] steps.SalesForceStepDef SalesForceStepDef.java58 - https://login.salesforce.com is entered
20230619 18:42:05 INFO  [main] steps.SalesForceStepDef SalesForceStepDef.java64 - Browser is closed
20230619 18:49:37 INFO  [main] steps.SalesForceStepDef SalesForceStepDef.java62 - https://login.salesforce.com is entered
20230619 18:49:37 INFO  [main] page.BasePage BasePage.java46 - Pass: Title matched with Login | Salesforce
20230619 18:49:37 INFO  [main] page.BasePage BasePage.java68 - Pass: Element Forgot Password is clicked
20230619 18:49:40 INFO  [main] steps.SalesForceStepDef SalesForceStepDef.java68 - Browser is closed
20230619 18:52:36 INFO  [main] steps.SalesForceStepDef SalesForceStepDef.java62 - https://login.salesforce.com is entered
20230619 18:52:36 INFO  [main] page.BasePage BasePage.java46 - Pass: Title matched with Login | Salesforce
20230619 18:52:36 INFO  [main] page.BasePage BasePage.java68 - Pass: Element Forgot Password is clicked
20230619 18:52:38 INFO  [main] page.BasePage BasePage.java57 - Pass:  login field is entered 
20230619 18:55:45 INFO  [main] steps.SalesForceStepDef SalesForceStepDef.java62 - https://login.salesforce.com is entered
20230619 18:55:45 INFO  [main] page.BasePage BasePage.java46 - Pass: Title matched with Login | Salesforce
20230619 18:55:45 INFO  [main] page.BasePage BasePage.java68 - Pass: Element Forgot Password is clicked
20230619 18:55:47 INFO  [main] page.BasePage BasePage.java57 - Pass:  login field is entered 
20230619 18:55:49 INFO  [main] page.BasePage BasePage.java68 - Pass: Element Continue Button is clicked
20230619 18:55:49 INFO  [main] steps.SalesForceStepDef SalesForceStepDef.java68 - Browser is closed
20230619 18:59:04 INFO  [main] steps.SalesForceStepDef SalesForceStepDef.java62 - https://login.salesforce.com is entered
20230619 18:59:04 INFO  [main] page.BasePage BasePage.java46 - Pass: Title matched with Login | Salesforce
20230619 18:59:04 INFO  [main] steps.SalesForceStepDef SalesForceStepDef.java68 - Browser is closed
20230619 19:00:43 INFO  [main] steps.SalesForceStepDef SalesForceStepDef.java62 - https://login.salesforce.com is entered
20230619 19:00:43 INFO  [main] page.BasePage BasePage.java46 - Pass: Title matched with Login | Salesforce
20230619 19:00:45 INFO  [main] page.BasePage BasePage.java57 - Pass:  login field is entered 
20230619 19:00:48 INFO  [main] page.BasePage BasePage.java57 - Pass:  password field is entered 
20230619 19:00:48 INFO  [main] page.BasePage BasePage.java68 - Pass: Element LoginButton is clicked
20230619 19:00:48 INFO  [main] page.BasePage BasePage.java92 - Text captured is Please check your username and password. If you still can't log in, contact your Salesforce administrator.
20230619 19:00:48 INFO  [main] steps.SalesForceStepDef SalesForceStepDef.java68 - Browser is closed
20230619 19:01:25 INFO  [main] steps.SalesForceStepDef SalesForceStepDef.java62 - https://login.salesforce.com is entered
20230619 19:01:25 INFO  [main] page.BasePage BasePage.java46 - Pass: Title matched with Login | Salesforce
20230619 19:01:27 INFO  [main] page.BasePage BasePage.java57 - Pass:  login field is entered 
20230619 19:01:27 INFO  [main] page.BasePage BasePage.java81 - Pass: Field  is cleared
20230619 19:01:27 INFO  [main] page.BasePage BasePage.java68 - Pass: Element LoginButton is clicked
20230619 19:01:28 INFO  [main] page.BasePage BasePage.java92 - Text captured is Please enter your password.
20230619 19:01:28 INFO  [main] steps.SalesForceStepDef SalesForceStepDef.java68 - Browser is closed
20230619 19:01:30 INFO  [main] steps.SalesForceStepDef SalesForceStepDef.java62 - https://login.salesforce.com is entered
20230619 19:01:30 INFO  [main] page.BasePage BasePage.java46 - Pass: Title matched with Login | Salesforce
20230619 19:01:32 INFO  [main] page.BasePage BasePage.java57 - Pass:  login field is entered 
20230619 19:01:35 INFO  [main] page.BasePage BasePage.java57 - Pass:  password field is entered 
20230619 19:01:37 INFO  [main] page.BasePage BasePage.java68 - Pass: Element LoginButton is clicked
20230619 19:01:39 INFO  [main] page.BasePage BasePage.java46 - Pass: Title matched with Home Page ~ Salesforce - Developer Edition
20230619 19:01:39 INFO  [main] page.BasePage BasePage.java39 - Home Page ~ Salesforce - Developer Edition title is captured
20230619 19:01:39 INFO  [main] steps.SalesForceStepDef SalesForceStepDef.java68 - Browser is closed
20230619 19:01:42 INFO  [main] steps.SalesForceStepDef SalesForceStepDef.java62 - https://login.salesforce.com is entered
20230619 19:01:42 INFO  [main] page.BasePage BasePage.java46 - Pass: Title matched with Login | Salesforce
20230619 19:01:45 INFO  [main] page.BasePage BasePage.java57 - Pass:  login field is entered 
20230619 19:01:47 INFO  [main] page.BasePage BasePage.java57 - Pass:  password field is entered 
20230619 19:01:47 INFO  [main] page.BasePage BasePage.java68 - Pass: Element Remember me is clicked
20230619 19:01:52 INFO  [main] page.BasePage BasePage.java68 - Pass: Element LoginButton is clicked
20230619 19:01:52 INFO  [main] page.BasePage BasePage.java46 - Pass: Title matched with Home Page ~ Salesforce - Developer Edition
20230619 19:01:54 INFO  [main] page.BasePage BasePage.java68 - Pass: Element User Menu Dropdown is clicked
20230619 19:01:58 INFO  [main] page.BasePage BasePage.java68 - Pass: Element Logout is clicked
20230619 19:02:02 INFO  [main] page.BasePage BasePage.java92 - Text captured is pravallika@training.com
20230619 19:02:02 INFO  [main] steps.SalesForceStepDef SalesForceStepDef.java68 - Browser is closed
20230619 19:02:05 INFO  [main] steps.SalesForceStepDef SalesForceStepDef.java62 - https://login.salesforce.com is entered
20230619 19:02:05 INFO  [main] page.BasePage BasePage.java46 - Pass: Title matched with Login | Salesforce
20230619 19:02:05 INFO  [main] page.BasePage BasePage.java68 - Pass: Element Forgot Password is clicked
20230619 19:02:07 INFO  [main] page.BasePage BasePage.java57 - Pass:  login field is entered 
20230619 19:02:08 INFO  [main] page.BasePage BasePage.java68 - Pass: Element Continue Button is clicked
20230619 19:02:08 INFO  [main] steps.SalesForceStepDef SalesForceStepDef.java68 - Browser is closed
20230619 19:02:11 INFO  [main] steps.SalesForceStepDef SalesForceStepDef.java62 - https://login.salesforce.com is entered
20230619 19:02:11 INFO  [main] page.BasePage BasePage.java46 - Pass: Title matched with Login | Salesforce
20230619 19:02:13 INFO  [main] page.BasePage BasePage.java57 - Pass:  login field is entered 
20230619 19:02:15 INFO  [main] page.BasePage BasePage.java57 - Pass:  password field is entered 
20230619 19:02:16 INFO  [main] page.BasePage BasePage.java68 - Pass: Element LoginButton is clicked
20230619 19:02:16 INFO  [main] page.BasePage BasePage.java92 - Text captured is Please check your username and password. If you still can't log in, contact your Salesforce administrator.
20230619 19:02:16 INFO  [main] steps.SalesForceStepDef SalesForceStepDef.java68 - Browser is closed
